<?xml version="1.0" encoding="UTF-8"?>
<testsuite xmlns:xsi="http://www.w3.org/2001/XMLSchema-instance" xsi:noNamespaceSchemaLocation="https://maven.apache.org/surefire/maven-surefire-plugin/xsd/surefire-test-report-3.0.xsd" version="3.0" name="TestUser" time="21.549" tests="7" errors="0" skipped="0" failures="0">
  <properties>
    <property name="java.specification.version" value="17"/>
    <property name="sun.jnu.encoding" value="UTF-8"/>
    <property name="java.class.path" value="/home/danillo/Dropbox/Estudos/Teste de Software/Iterasys/Formacao em Teste de Software/Lista de Exercícios/Lista 08 - Rest-assured/petstore142/target/test-classes:/home/danillo/Dropbox/Estudos/Teste de Software/Iterasys/Formacao em Teste de Software/Lista de Exercícios/Lista 08 - Rest-assured/petstore142/target/classes:/home/danillo/.m2/repository/org/junit/jupiter/junit-jupiter-api/5.13.0-M3/junit-jupiter-api-5.13.0-M3.jar:/home/danillo/.m2/repository/org/opentest4j/opentest4j/1.3.0/opentest4j-1.3.0.jar:/home/danillo/.m2/repository/org/junit/platform/junit-platform-commons/1.13.0-M3/junit-platform-commons-1.13.0-M3.jar:/home/danillo/.m2/repository/org/apiguardian/apiguardian-api/1.1.2/apiguardian-api-1.1.2.jar:/home/danillo/.m2/repository/org/hamcrest/hamcrest/3.0/hamcrest-3.0.jar:/home/danillo/.m2/repository/io/rest-assured/rest-assured/5.5.0/rest-assured-5.5.0.jar:/home/danillo/.m2/repository/org/apache/groovy/groovy/4.0.22/groovy-4.0.22.jar:/home/danillo/.m2/repository/org/apache/groovy/groovy-xml/4.0.22/groovy-xml-4.0.22.jar:/home/danillo/.m2/repository/org/apache/httpcomponents/httpclient/4.5.13/httpclient-4.5.13.jar:/home/danillo/.m2/repository/org/apache/httpcomponents/httpcore/4.4.13/httpcore-4.4.13.jar:/home/danillo/.m2/repository/commons-logging/commons-logging/1.2/commons-logging-1.2.jar:/home/danillo/.m2/repository/commons-codec/commons-codec/1.11/commons-codec-1.11.jar:/home/danillo/.m2/repository/org/apache/httpcomponents/httpmime/4.5.13/httpmime-4.5.13.jar:/home/danillo/.m2/repository/org/ccil/cowan/tagsoup/tagsoup/1.2.1/tagsoup-1.2.1.jar:/home/danillo/.m2/repository/io/rest-assured/json-path/5.5.0/json-path-5.5.0.jar:/home/danillo/.m2/repository/org/apache/groovy/groovy-json/4.0.22/groovy-json-4.0.22.jar:/home/danillo/.m2/repository/io/rest-assured/rest-assured-common/5.5.0/rest-assured-common-5.5.0.jar:/home/danillo/.m2/repository/io/rest-assured/xml-path/5.5.0/xml-path-5.5.0.jar:/home/danillo/.m2/repository/org/apache/commons/commons-lang3/3.11/commons-lang3-3.11.jar:/home/danillo/.m2/repository/org/junit/jupiter/junit-jupiter-params/5.13.1/junit-jupiter-params-5.13.1.jar:/home/danillo/.m2/repository/com/google/code/gson/gson/2.13.1/gson-2.13.1.jar:/home/danillo/.m2/repository/com/google/errorprone/error_prone_annotations/2.38.0/error_prone_annotations-2.38.0.jar:"/>
    <property name="java.vm.vendor" value="Eclipse Adoptium"/>
    <property name="sun.arch.data.model" value="64"/>
    <property name="java.vendor.url" value="https://adoptium.net/"/>
    <property name="user.timezone" value="America/Bahia"/>
    <property name="os.name" value="Linux"/>
    <property name="java.vm.specification.version" value="17"/>
    <property name="sun.java.launcher" value="SUN_STANDARD"/>
    <property name="user.country" value="BR"/>
    <property name="sun.boot.library.path" value="/home/danillo/.sdkman/candidates/java/17.0.9-tem/lib"/>
    <property name="sun.java.command" value="/home/danillo/Dropbox/Estudos/Teste de Software/Iterasys/Formacao em Teste de Software/Lista de Exercícios/Lista 08 - Rest-assured/petstore142/target/surefire/surefirebooter-20250828201341354_3.jar /home/danillo/Dropbox/Estudos/Teste de Software/Iterasys/Formacao em Teste de Software/Lista de Exercícios/Lista 08 - Rest-assured/petstore142/target/surefire 2025-08-28T20-13-40_879-jvmRun1 surefire-20250828201341354_1tmp surefire_0-20250828201341354_2tmp"/>
    <property name="jdk.debug" value="release"/>
    <property name="surefire.test.class.path" value="/home/danillo/Dropbox/Estudos/Teste de Software/Iterasys/Formacao em Teste de Software/Lista de Exercícios/Lista 08 - Rest-assured/petstore142/target/test-classes:/home/danillo/Dropbox/Estudos/Teste de Software/Iterasys/Formacao em Teste de Software/Lista de Exercícios/Lista 08 - Rest-assured/petstore142/target/classes:/home/danillo/.m2/repository/org/junit/jupiter/junit-jupiter-api/5.13.0-M3/junit-jupiter-api-5.13.0-M3.jar:/home/danillo/.m2/repository/org/opentest4j/opentest4j/1.3.0/opentest4j-1.3.0.jar:/home/danillo/.m2/repository/org/junit/platform/junit-platform-commons/1.13.0-M3/junit-platform-commons-1.13.0-M3.jar:/home/danillo/.m2/repository/org/apiguardian/apiguardian-api/1.1.2/apiguardian-api-1.1.2.jar:/home/danillo/.m2/repository/org/hamcrest/hamcrest/3.0/hamcrest-3.0.jar:/home/danillo/.m2/repository/io/rest-assured/rest-assured/5.5.0/rest-assured-5.5.0.jar:/home/danillo/.m2/repository/org/apache/groovy/groovy/4.0.22/groovy-4.0.22.jar:/home/danillo/.m2/repository/org/apache/groovy/groovy-xml/4.0.22/groovy-xml-4.0.22.jar:/home/danillo/.m2/repository/org/apache/httpcomponents/httpclient/4.5.13/httpclient-4.5.13.jar:/home/danillo/.m2/repository/org/apache/httpcomponents/httpcore/4.4.13/httpcore-4.4.13.jar:/home/danillo/.m2/repository/commons-logging/commons-logging/1.2/commons-logging-1.2.jar:/home/danillo/.m2/repository/commons-codec/commons-codec/1.11/commons-codec-1.11.jar:/home/danillo/.m2/repository/org/apache/httpcomponents/httpmime/4.5.13/httpmime-4.5.13.jar:/home/danillo/.m2/repository/org/ccil/cowan/tagsoup/tagsoup/1.2.1/tagsoup-1.2.1.jar:/home/danillo/.m2/repository/io/rest-assured/json-path/5.5.0/json-path-5.5.0.jar:/home/danillo/.m2/repository/org/apache/groovy/groovy-json/4.0.22/groovy-json-4.0.22.jar:/home/danillo/.m2/repository/io/rest-assured/rest-assured-common/5.5.0/rest-assured-common-5.5.0.jar:/home/danillo/.m2/repository/io/rest-assured/xml-path/5.5.0/xml-path-5.5.0.jar:/home/danillo/.m2/repository/org/apache/commons/commons-lang3/3.11/commons-lang3-3.11.jar:/home/danillo/.m2/repository/org/junit/jupiter/junit-jupiter-params/5.13.1/junit-jupiter-params-5.13.1.jar:/home/danillo/.m2/repository/com/google/code/gson/gson/2.13.1/gson-2.13.1.jar:/home/danillo/.m2/repository/com/google/errorprone/error_prone_annotations/2.38.0/error_prone_annotations-2.38.0.jar:"/>
    <property name="sun.cpu.endian" value="little"/>
    <property name="user.home" value="/home/danillo"/>
    <property name="user.language" value="pt"/>
    <property name="java.specification.vendor" value="Oracle Corporation"/>
    <property name="java.version.date" value="2023-10-17"/>
    <property name="java.home" value="/home/danillo/.sdkman/candidates/java/17.0.9-tem"/>
    <property name="file.separator" value="/"/>
    <property name="basedir" value="/home/danillo/Dropbox/Estudos/Teste de Software/Iterasys/Formacao em Teste de Software/Lista de Exercícios/Lista 08 - Rest-assured/petstore142"/>
    <property name="java.vm.compressedOopsMode" value="Zero based"/>
    <property name="line.separator" value="&#10;"/>
    <property name="java.vm.specification.vendor" value="Oracle Corporation"/>
    <property name="java.specification.name" value="Java Platform API Specification"/>
    <property name="surefire.real.class.path" value="/home/danillo/Dropbox/Estudos/Teste de Software/Iterasys/Formacao em Teste de Software/Lista de Exercícios/Lista 08 - Rest-assured/petstore142/target/surefire/surefirebooter-20250828201341354_3.jar"/>
    <property name="sun.management.compiler" value="HotSpot 64-Bit Tiered Compilers"/>
    <property name="java.runtime.version" value="17.0.9+9"/>
    <property name="user.name" value="danillo"/>
    <property name="path.separator" value=":"/>
    <property name="os.version" value="6.14.0-29-generic"/>
    <property name="java.runtime.name" value="OpenJDK Runtime Environment"/>
    <property name="file.encoding" value="UTF-8"/>
    <property name="java.vm.name" value="OpenJDK 64-Bit Server VM"/>
    <property name="java.vendor.version" value="Temurin-17.0.9+9"/>
    <property name="maven.ext.class.path" value="/home/danillo/.vscode/extensions/oracle.oracle-java-24.1.0/nbcode/java/maven-nblib/netbeans-eventspy.jar"/>
    <property name="localRepository" value="/home/danillo/.m2/repository"/>
    <property name="java.vendor.url.bug" value="https://github.com/adoptium/adoptium-support/issues"/>
    <property name="java.io.tmpdir" value="/tmp"/>
    <property name="java.version" value="17.0.9"/>
    <property name="user.dir" value="/home/danillo/Dropbox/Estudos/Teste de Software/Iterasys/Formacao em Teste de Software/Lista de Exercícios/Lista 08 - Rest-assured/petstore142"/>
    <property name="os.arch" value="amd64"/>
    <property name="java.vm.specification.name" value="Java Virtual Machine Specification"/>
    <property name="native.encoding" value="UTF-8"/>
    <property name="java.library.path" value="/usr/java/packages/lib:/usr/lib64:/lib64:/lib:/usr/lib"/>
    <property name="java.vm.info" value="mixed mode, sharing"/>
    <property name="java.vendor" value="Eclipse Adoptium"/>
    <property name="java.vm.version" value="17.0.9+9"/>
    <property name="sun.io.unicode.encoding" value="UnicodeLittle"/>
    <property name="java.class.version" value="61.0"/>
  </properties>
  <testcase name="testPostUser" classname="TestUser" time="2.081">
    <system-out><![CDATA[Request method:	POST
Request URI:	https://petstore.swagger.io/v2/user
Proxy:			<none>
Request params:	<none>
Query params:	<none>
Form params:	<none>
Path params:	<none>
Headers:		Accept=*/*
				Content-Type=application/json
Cookies:		<none>
Multiparts:		<none>
Body:
{
    "id": 10,
    "username": "danillo",
    "firstName": "Danillo",
    "lastName": "Silva",
    "email": "danillo@email.com",
    "password": "honeypot",
    "phone": "123456789",
    "userStatus": 1
}
HTTP/1.1 200 OK
Date: Thu, 28 Aug 2025 23:14:03 GMT
Content-Type: application/json
Transfer-Encoding: chunked
Connection: keep-alive
Access-Control-Allow-Origin: *
Access-Control-Allow-Methods: GET, POST, DELETE, PUT
Access-Control-Allow-Headers: Content-Type, api_key, Authorization
Server: Jetty(9.2.9.v20150224)

{
    "code": 200,
    "type": "unknown",
    "message": "10"
}
]]></system-out>
  </testcase>
  <testcase name="testGetUser" classname="TestUser" time="1.827">
    <system-out><![CDATA[Request method:	GET
Request URI:	https://petstore.swagger.io/v2/user/danillo
Proxy:			<none>
Request params:	<none>
Query params:	<none>
Form params:	<none>
Path params:	<none>
Headers:		Accept=*/*
				Content-Type=application/json
Cookies:		<none>
Multiparts:		<none>
Body:			<none>
HTTP/1.1 200 OK
Date: Thu, 28 Aug 2025 23:14:05 GMT
Content-Type: application/json
Transfer-Encoding: chunked
Connection: keep-alive
Access-Control-Allow-Origin: *
Access-Control-Allow-Methods: GET, POST, DELETE, PUT
Access-Control-Allow-Headers: Content-Type, api_key, Authorization
Server: Jetty(9.2.9.v20150224)

{
    "id": 10,
    "username": "danillo",
    "firstName": "Danillo",
    "lastName": "Silva",
    "email": "danillo@email.com",
    "password": "honeypot",
    "phone": "123456789",
    "userStatus": 1
}
]]></system-out>
  </testcase>
  <testcase name="testPutUser" classname="TestUser" time="2.413">
    <system-out><![CDATA[Request method:	PUT
Request URI:	https://petstore.swagger.io/v2/user/danillo
Proxy:			<none>
Request params:	<none>
Query params:	<none>
Form params:	<none>
Path params:	<none>
Headers:		Accept=*/*
				Content-Type=application/json
Cookies:		<none>
Multiparts:		<none>
Body:
{
    "id": 10,
    "username": "danillo",
    "firstName": "Danillo",
    "lastName": "Silva",
    "email": "danillo@email.com",
    "password": "honeypot",
    "phone": "987654321",
    "userStatus": 1
}
HTTP/1.1 200 OK
Date: Thu, 28 Aug 2025 23:14:07 GMT
Content-Type: application/json
Transfer-Encoding: chunked
Connection: keep-alive
Access-Control-Allow-Origin: *
Access-Control-Allow-Methods: GET, POST, DELETE, PUT
Access-Control-Allow-Headers: Content-Type, api_key, Authorization
Server: Jetty(9.2.9.v20150224)

{
    "code": 200,
    "type": "unknown",
    "message": "10"
}
]]></system-out>
  </testcase>
  <testcase name="testDeleteUser" classname="TestUser" time="3.071">
    <system-out><![CDATA[Request method:	DELETE
Request URI:	https://petstore.swagger.io/v2/user/danillo
Proxy:			<none>
Request params:	<none>
Query params:	<none>
Form params:	<none>
Path params:	<none>
Headers:		Accept=*/*
				Content-Type=application/json
Cookies:		<none>
Multiparts:		<none>
Body:			<none>
HTTP/1.1 200 OK
Date: Thu, 28 Aug 2025 23:14:11 GMT
Content-Type: application/json
Transfer-Encoding: chunked
Connection: keep-alive
Access-Control-Allow-Origin: *
Access-Control-Allow-Methods: GET, POST, DELETE, PUT
Access-Control-Allow-Headers: Content-Type, api_key, Authorization
Server: Jetty(9.2.9.v20150224)

{
    "code": 200,
    "type": "unknown",
    "message": "danillo"
}
]]></system-out>
  </testcase>
  <testcase name="testPostUserDataDriven(int, String, String, String, String, String, String, int)[1]" classname="TestUser" time="4.317">
    <system-out><![CDATA[Request method:	POST
Request URI:	https://petstore.swagger.io/v2/user
Proxy:			<none>
Request params:	<none>
Query params:	<none>
Form params:	<none>
Path params:	<none>
Headers:		Accept=*/*
				Content-Type=application/json
Cookies:		<none>
Multiparts:		<none>
Body:
{
    "id": 11,
    "username": "joao",
    "firstName": "Joao",
    "lastName": "Souza",
    "email": "joao@email.com",
    "password": "senha123",
    "phone": "111111111",
    "userStatus": 1
}
HTTP/1.1 200 OK
Date: Thu, 28 Aug 2025 23:14:12 GMT
Content-Type: application/json
Transfer-Encoding: chunked
Connection: keep-alive
Access-Control-Allow-Origin: *
Access-Control-Allow-Methods: GET, POST, DELETE, PUT
Access-Control-Allow-Headers: Content-Type, api_key, Authorization
Server: Jetty(9.2.9.v20150224)

{
    "code": 200,
    "type": "unknown",
    "message": "11"
}
Request method:	GET
Request URI:	https://petstore.swagger.io/v2/user/joao
Proxy:			<none>
Request params:	<none>
Query params:	<none>
Form params:	<none>
Path params:	<none>
Headers:		Accept=*/*
				Content-Type=application/json
Cookies:		<none>
Multiparts:		<none>
Body:			<none>
HTTP/1.1 200 OK
Date: Thu, 28 Aug 2025 23:14:15 GMT
Content-Type: application/json
Transfer-Encoding: chunked
Connection: keep-alive
Access-Control-Allow-Origin: *
Access-Control-Allow-Methods: GET, POST, DELETE, PUT
Access-Control-Allow-Headers: Content-Type, api_key, Authorization
Server: Jetty(9.2.9.v20150224)

{
    "id": 11,
    "username": "joao",
    "firstName": "Joao",
    "lastName": "Souza",
    "email": "joao@email.com",
    "password": "senha123",
    "phone": "111111111",
    "userStatus": 1
}
]]></system-out>
  </testcase>
  <testcase name="testPostUserDataDriven(int, String, String, String, String, String, String, int)[2]" classname="TestUser" time="3.061">
    <system-out><![CDATA[Request method:	POST
Request URI:	https://petstore.swagger.io/v2/user
Proxy:			<none>
Request params:	<none>
Query params:	<none>
Form params:	<none>
Path params:	<none>
Headers:		Accept=*/*
				Content-Type=application/json
Cookies:		<none>
Multiparts:		<none>
Body:
{
    "id": 12,
    "username": "maria",
    "firstName": "Maria",
    "lastName": "Oliveira",
    "email": "maria@email.com",
    "password": "senha456",
    "phone": "222222222",
    "userStatus": 1
}
HTTP/1.1 200 OK
Date: Thu, 28 Aug 2025 23:14:17 GMT
Content-Type: application/json
Transfer-Encoding: chunked
Connection: keep-alive
Access-Control-Allow-Origin: *
Access-Control-Allow-Methods: GET, POST, DELETE, PUT
Access-Control-Allow-Headers: Content-Type, api_key, Authorization
Server: Jetty(9.2.9.v20150224)

{
    "code": 200,
    "type": "unknown",
    "message": "12"
}
Request method:	GET
Request URI:	https://petstore.swagger.io/v2/user/maria
Proxy:			<none>
Request params:	<none>
Query params:	<none>
Form params:	<none>
Path params:	<none>
Headers:		Accept=*/*
				Content-Type=application/json
Cookies:		<none>
Multiparts:		<none>
Body:			<none>
HTTP/1.1 200 OK
Date: Thu, 28 Aug 2025 23:14:18 GMT
Content-Type: application/json
Transfer-Encoding: chunked
Connection: keep-alive
Access-Control-Allow-Origin: *
Access-Control-Allow-Methods: GET, POST, DELETE, PUT
Access-Control-Allow-Headers: Content-Type, api_key, Authorization
Server: Jetty(9.2.9.v20150224)

{
    "id": 12,
    "username": "maria",
    "firstName": "Maria",
    "lastName": "Oliveira",
    "email": "maria@email.com",
    "password": "senha456",
    "phone": "222222222",
    "userStatus": 1
}
]]></system-out>
  </testcase>
  <testcase name="testPostUserDataDriven(int, String, String, String, String, String, String, int)[3]" classname="TestUser" time="4.747">
    <system-out><![CDATA[Request method:	POST
Request URI:	https://petstore.swagger.io/v2/user
Proxy:			<none>
Request params:	<none>
Query params:	<none>
Form params:	<none>
Path params:	<none>
Headers:		Accept=*/*
				Content-Type=application/json
Cookies:		<none>
Multiparts:		<none>
Body:
{
    "id": 13,
    "username": "ana",
    "firstName": "Ana",
    "lastName": "Pereira",
    "email": "ana@email.com",
    "password": "senha789",
    "phone": "333333333",
    "userStatus": 1
}
HTTP/1.1 200 OK
Date: Thu, 28 Aug 2025 23:14:20 GMT
Content-Type: application/json
Transfer-Encoding: chunked
Connection: keep-alive
Access-Control-Allow-Origin: *
Access-Control-Allow-Methods: GET, POST, DELETE, PUT
Access-Control-Allow-Headers: Content-Type, api_key, Authorization
Server: Jetty(9.2.9.v20150224)

{
    "code": 200,
    "type": "unknown",
    "message": "13"
}
Request method:	GET
Request URI:	https://petstore.swagger.io/v2/user/ana
Proxy:			<none>
Request params:	<none>
Query params:	<none>
Form params:	<none>
Path params:	<none>
Headers:		Accept=*/*
				Content-Type=application/json
Cookies:		<none>
Multiparts:		<none>
Body:			<none>
HTTP/1.1 200 OK
Date: Thu, 28 Aug 2025 23:14:23 GMT
Content-Type: application/json
Transfer-Encoding: chunked
Connection: keep-alive
Access-Control-Allow-Origin: *
Access-Control-Allow-Methods: GET, POST, DELETE, PUT
Access-Control-Allow-Headers: Content-Type, api_key, Authorization
Server: Jetty(9.2.9.v20150224)

{
    "id": 13,
    "username": "ana",
    "firstName": "Ana",
    "lastName": "Pereira",
    "email": "ana@email.com",
    "password": "senha789",
    "phone": "333333333",
    "userStatus": 1
}
]]></system-out>
  </testcase>
</testsuite>